1583925569408	mozrunner::runner	INFO	Running command: "C:\\Program Files\\Mozilla Firefox\\firefox.exe" "-marionette" "-foreground" "-no-remote" "-profile" "C:\\Users\\Business\\AppData\\Local\\Temp\\rust_mozprofilebjkhfv"
1583925570496	addons.webextension.doh-rollout@mozilla.org	WARN	Loading extension 'doh-rollout@mozilla.org': Reading manifest: Invalid extension permission: networkStatus
1583925571408	addons.webextension.screenshots@mozilla.org	WARN	Loading extension 'screenshots@mozilla.org': Reading manifest: Invalid extension permission: mozillaAddons
1583925571408	addons.webextension.screenshots@mozilla.org	WARN	Loading extension 'screenshots@mozilla.org': Reading manifest: Invalid extension permission: telemetry
1583925571409	addons.webextension.screenshots@mozilla.org	WARN	Loading extension 'screenshots@mozilla.org': Reading manifest: Invalid extension permission: resource://pdf.js/
1583925571409	addons.webextension.screenshots@mozilla.org	WARN	Loading extension 'screenshots@mozilla.org': Reading manifest: Invalid extension permission: about:reader*
JavaScript error: resource://gre/modules/XULStore.jsm, line 66: Error: Can't find profile directory.
1583925574997	Marionette	INFO	Listening on port 49580
1583925575458	Marionette	WARN	TLS certificate errors will be ignored for this session
JavaScript error: resource://gre/modules/XULStore.jsm, line 66: Error: Can't find profile directory.
JavaScript error: resource://gre/modules/XULStore.jsm, line 66: Error: Can't find profile directory.
1583926321768	addons.xpi-utils	WARN	Failed to save XPI database: {"operation":"rename","path":"C:\\Users\\Business\\AppData\\Local\\Temp\\rust_mozprofilebjkhfv\\extensions.json","winLastError":32}
JavaScript error: , line 0: uncaught exception: Object
JavaScript error: , line 0: uncaught exception: Object
1583926945223	addons.xpi-utils	WARN	Error: XPI database modified after shutdown began(resource://gre/modules/addons/XPIDatabase.jsm:1464:17) JS Stack trace: saveChanges@XPIDatabase.jsm:1464:17
shutdown@XPIDatabase.jsm:1740:14
shutdown@XPIProvider.jsm:2630:23
_startProvider/AMProviderShutdown/<@AddonManager.jsm:608:29
AMProviderShutdown@AddonManager.jsm:606:16
trigger@AsyncShutdown.jsm:725:23
_wait@AsyncShutdown.jsm:877:15
wait@AsyncShutdown.jsm:858:34
shutdownManager@AddonManager.jsm:1073:37
observe@AsyncShutdown.jsm:551:16
1583926945734	Marionette	INFO	Stopped listening on port 49580

###!!! [Child][MessageChannel::SendAndWait] Error: Channel error: cannot send/recv

